2022-06-29T17:46:21.338353900 - Codice fiscale: MSLPTR00S07C623T - [Login effettuato]
2022-06-29T17:46:56.466558500 - Codice fiscale: MSLPTR00S07C623T -  [Richiesta prossimo id per Votazione]
2022-06-29T17:46:57.659938500 - Codice fiscale: MSLPTR00S07C623T - [Richiesta Votazione con id: 4]
2022-06-29T17:46:57.693882800 - Codice fiscale: MSLPTR00S07C623T -  [Aggiunta Votazione: Votazione per Try Categorico Preferenziale 2
Votazione categorica preferenziale
2022-06-30]
2022-06-29T17:46:57.708785 - Codice fiscale: MSLPTR00S07C623T -  [Richiesta gruppi per votazione Votazione per Try Categorico Preferenziale 2
Votazione categorica preferenziale
2022-06-30 ]
2022-06-29T17:47:10.199877300 - Codice fiscale: MSLPTR00S07C623T -  [Richiesta prossimo id per gruppo]
2022-06-29T17:47:10.208562300 - Codice fiscale: MSLPTR00S07C623T -  [Richiesta Gruppo con id: 11]
2022-06-29T17:47:10.219013500 - Codice fiscale: MSLPTR00S07C623T -  [Aggiunta Gruppo: Unione Politica PCI Try Categorico Preferenziale 2/n]
2022-06-29T17:47:10.233984900 - Codice fiscale: MSLPTR00S07C623T - [Aggiunta Gruppo: Unione Politica PCI Try Categorico Preferenziale 2/n a Votazione: Votazione per Try Categorico Preferenziale 2
Votazione categorica preferenziale
2022-06-30]
2022-06-29T17:47:10.274081700 - Codice fiscale: MSLPTR00S07C623T -  [Richiesta gruppi per votazione Votazione per Try Categorico Preferenziale 2
Votazione categorica preferenziale
2022-06-30 ]
2022-06-29T17:47:17.494343100 - Codice fiscale: MSLPTR00S07C623T -  [Richiesta prossimo id per gruppo]
2022-06-29T17:47:17.501360400 - Codice fiscale: MSLPTR00S07C623T -  [Richiesta Gruppo con id: 12]
2022-06-29T17:47:17.515008 - Codice fiscale: MSLPTR00S07C623T -  [Aggiunta Gruppo: Unione Politica PSI Try Categorico Preferenziale 2/n]
2022-06-29T17:47:17.525142300 - Codice fiscale: MSLPTR00S07C623T - [Aggiunta Gruppo: Unione Politica PSI Try Categorico Preferenziale 2/n a Votazione: Votazione per Try Categorico Preferenziale 2
Votazione categorica preferenziale
2022-06-30]
2022-06-29T17:47:17.563073900 - Codice fiscale: MSLPTR00S07C623T -  [Richiesta gruppi per votazione Votazione per Try Categorico Preferenziale 2
Votazione categorica preferenziale
2022-06-30 ]
2022-06-29T17:47:22.706152800 - Codice fiscale: MSLPTR00S07C623T -  [Richiesta prossimo id per gruppo]
2022-06-29T17:47:22.714093300 - Codice fiscale: MSLPTR00S07C623T -  [Richiesta Gruppo con id: 13]
2022-06-29T17:47:22.726263800 - Codice fiscale: MSLPTR00S07C623T -  [Aggiunta Gruppo: Unione Politica PD Try Categorico Preferenziale 2/n]
2022-06-29T17:47:22.737095200 - Codice fiscale: MSLPTR00S07C623T - [Aggiunta Gruppo: Unione Politica PD Try Categorico Preferenziale 2/n a Votazione: Votazione per Try Categorico Preferenziale 2
Votazione categorica preferenziale
2022-06-30]
2022-06-29T17:47:22.770028400 - Codice fiscale: MSLPTR00S07C623T -  [Richiesta gruppi per votazione Votazione per Try Categorico Preferenziale 2
Votazione categorica preferenziale
2022-06-30 ]
2022-06-29T17:48:02.864294400 - Codice fiscale: MSLPTR00S07C623T -  [Richiesta prossimo id per persona]
2022-06-29T17:48:02.878214300 - Codice fiscale: MSLPTR00S07C623T -  [Richiesta Persona con id: 5]
2022-06-29T17:48:02.897042700 - Codice fiscale: MSLPTR00S07C623T -  [Richiesta Persona con id: 5]
2022-06-29T17:53:05.433702700 - Codice fiscale: MSLPTR00S07C623T - [Login effettuato]
2022-06-29T17:53:21.439112900 - Codice fiscale: MSLPTR00S07C623T -  [Richiesta prossimo id per Votazione]
2022-06-29T17:53:22.930592300 - Codice fiscale: MSLPTR00S07C623T - [Richiesta Votazione con id: 5]
2022-06-29T17:53:22.969082400 - Codice fiscale: MSLPTR00S07C623T -  [Aggiunta Votazione: Votazione per Try 3 Cat Pref
Votazione categorica preferenziale
2022-06-30]
2022-06-29T17:53:22.982045900 - Codice fiscale: MSLPTR00S07C623T -  [Richiesta gruppi per votazione Votazione per Try 3 Cat Pref
Votazione categorica preferenziale
2022-06-30 ]
2022-06-29T17:53:35.284171200 - Codice fiscale: MSLPTR00S07C623T -  [Richiesta prossimo id per gruppo]
2022-06-29T17:53:35.293175400 - Codice fiscale: MSLPTR00S07C623T -  [Richiesta Gruppo con id: 14]
2022-06-29T17:53:35.304145900 - Codice fiscale: MSLPTR00S07C623T -  [Aggiunta Gruppo: Unione Politica PD Try 3 Cat Pref/n]
2022-06-29T17:53:35.318108700 - Codice fiscale: MSLPTR00S07C623T - [Aggiunta Gruppo: Unione Politica PD Try 3 Cat Pref/n a Votazione: Votazione per Try 3 Cat Pref
Votazione categorica preferenziale
2022-06-30]
2022-06-29T17:53:35.361992 - Codice fiscale: MSLPTR00S07C623T -  [Richiesta gruppi per votazione Votazione per Try 3 Cat Pref
Votazione categorica preferenziale
2022-06-30 ]
2022-06-29T17:53:47.150546300 - Codice fiscale: MSLPTR00S07C623T -  [Richiesta prossimo id per persona]
2022-06-29T17:56:16.236954500 - Codice fiscale: MSLPTR00S07C623T - [Login effettuato]
2022-06-29T17:57:17.716626100 - Codice fiscale: MSLPTR00S07C623T -  [Richiesta prossimo id per Votazione]
2022-06-29T17:57:19.052216 - Codice fiscale: MSLPTR00S07C623T - [Richiesta Votazione con id: 1]
2022-06-29T17:57:19.116322500 - Codice fiscale: MSLPTR00S07C623T -  [Aggiunta Votazione: Votazione per Try 1 Categorico con Preferenze
Votazione categorica preferenziale
2022-06-30]
2022-06-29T17:57:19.153391100 - Codice fiscale: MSLPTR00S07C623T -  [Richiesta gruppi per votazione Votazione per Try 1 Categorico con Preferenze
Votazione categorica preferenziale
2022-06-30 ]
2022-06-29T17:58:07.751194400 - Codice fiscale: MSLPTR00S07C623T -  [Richiesta prossimo id per gruppo]
2022-06-29T17:58:07.759173600 - Codice fiscale: MSLPTR00S07C623T -  [Richiesta Gruppo con id: 1]
2022-06-29T17:58:07.777609400 - Codice fiscale: MSLPTR00S07C623T -  [Aggiunta Gruppo: Unione Politica PD Try 1 Categorico con Preferenze/n]
2022-06-29T17:58:07.794054600 - Codice fiscale: MSLPTR00S07C623T - [Aggiunta Gruppo: Unione Politica PD Try 1 Categorico con Preferenze/n a Votazione: Votazione per Try 1 Categorico con Preferenze
Votazione categorica preferenziale
2022-06-30]
2022-06-29T17:58:07.837060600 - Codice fiscale: MSLPTR00S07C623T -  [Richiesta gruppi per votazione Votazione per Try 1 Categorico con Preferenze
Votazione categorica preferenziale
2022-06-30 ]
2022-06-29T17:58:13.097303600 - Codice fiscale: MSLPTR00S07C623T -  [Richiesta prossimo id per gruppo]
2022-06-29T17:58:13.105431400 - Codice fiscale: MSLPTR00S07C623T -  [Richiesta Gruppo con id: 2]
2022-06-29T17:58:13.117836800 - Codice fiscale: MSLPTR00S07C623T -  [Aggiunta Gruppo: Unione Politica PSI Try 1 Categorico con Preferenze/n]
2022-06-29T17:58:13.127880400 - Codice fiscale: MSLPTR00S07C623T - [Aggiunta Gruppo: Unione Politica PSI Try 1 Categorico con Preferenze/n a Votazione: Votazione per Try 1 Categorico con Preferenze
Votazione categorica preferenziale
2022-06-30]
2022-06-29T17:58:13.167307100 - Codice fiscale: MSLPTR00S07C623T -  [Richiesta gruppi per votazione Votazione per Try 1 Categorico con Preferenze
Votazione categorica preferenziale
2022-06-30 ]
2022-06-29T17:58:26.036734200 - Codice fiscale: MSLPTR00S07C623T -  [Richiesta prossimo id per persona]
2022-06-29T17:58:26.050327600 - Codice fiscale: MSLPTR00S07C623T -  [Richiesta Persona con id: 1]
2022-06-29T17:58:26.072163200 - Codice fiscale: MSLPTR00S07C623T -  [Richiesta Persona con id: 1]
2022-06-29T18:01:45.818904900 - Codice fiscale: MSLPTR00S07C623T - [Login effettuato]
2022-06-29T18:02:06.165660500 - Codice fiscale: MSLPTR00S07C623T -  [Richiesta prossimo id per Votazione]
2022-06-29T18:02:06.948839100 - Codice fiscale: MSLPTR00S07C623T - [Richiesta Votazione con id: 2]
2022-06-29T18:02:06.987455100 - Codice fiscale: MSLPTR00S07C623T -  [Aggiunta Votazione: Votazione per Try2 - di sto giro
Votazione categorica preferenziale
2022-06-30]
2022-06-29T18:02:07.006419400 - Codice fiscale: MSLPTR00S07C623T -  [Richiesta gruppi per votazione Votazione per Try2 - di sto giro
Votazione categorica preferenziale
2022-06-30 ]
2022-06-29T18:02:13.814552200 - Codice fiscale: MSLPTR00S07C623T -  [Richiesta prossimo id per gruppo]
2022-06-29T18:02:13.824315900 - Codice fiscale: MSLPTR00S07C623T -  [Richiesta Gruppo con id: 3]
2022-06-29T18:02:13.834290300 - Codice fiscale: MSLPTR00S07C623T -  [Aggiunta Gruppo: Unione Politica PD Try2/n]
2022-06-29T18:02:13.847538 - Codice fiscale: MSLPTR00S07C623T - [Aggiunta Gruppo: Unione Politica PD Try2/n a Votazione: Votazione per Try2 - di sto giro
Votazione categorica preferenziale
2022-06-30]
2022-06-29T18:02:13.892218700 - Codice fiscale: MSLPTR00S07C623T -  [Richiesta gruppi per votazione Votazione per Try2 - di sto giro
Votazione categorica preferenziale
2022-06-30 ]
2022-06-29T18:02:44.864677400 - Codice fiscale: MSLPTR00S07C623T -  [Richiesta prossimo id per gruppo]
2022-06-29T18:02:44.873783900 - Codice fiscale: MSLPTR00S07C623T -  [Richiesta Gruppo con id: 4]
2022-06-29T18:02:44.886774 - Codice fiscale: MSLPTR00S07C623T -  [Aggiunta Gruppo: Unione Politica PCI Try2/n]
2022-06-29T18:02:44.898553200 - Codice fiscale: MSLPTR00S07C623T - [Aggiunta Gruppo: Unione Politica PCI Try2/n a Votazione: Votazione per Try2 - di sto giro
Votazione categorica preferenziale
2022-06-30]
2022-06-29T18:02:44.941977300 - Codice fiscale: MSLPTR00S07C623T -  [Richiesta gruppi per votazione Votazione per Try2 - di sto giro
Votazione categorica preferenziale
2022-06-30 ]
2022-06-29T18:02:54.010480800 - Codice fiscale: MSLPTR00S07C623T -  [Richiesta prossimo id per persona]
2022-06-29T18:02:54.024963100 - Codice fiscale: MSLPTR00S07C623T -  [Richiesta Persona con id: 2]
2022-06-29T18:02:54.045112600 - Codice fiscale: MSLPTR00S07C623T -  [Richiesta Persona con id: 2]
2022-06-29T18:06:16.593189400 - Codice fiscale: MSLPTR00S07C623T - [Login effettuato]
2022-06-29T18:06:40.142204400 - Codice fiscale: MSLPTR00S07C623T -  [Richiesta prossimo id per Votazione]
2022-06-29T18:06:41.392809500 - Codice fiscale: MSLPTR00S07C623T - [Richiesta Votazione con id: 1]
2022-06-29T18:06:41.429140600 - Codice fiscale: MSLPTR00S07C623T -  [Aggiunta Votazione: Votazione per TRY1 CATEGORICO PREFERENZE 
Votazione categorica preferenziale
2022-06-30]
2022-06-29T18:06:41.450106600 - Codice fiscale: MSLPTR00S07C623T -  [Richiesta gruppi per votazione Votazione per TRY1 CATEGORICO PREFERENZE 
Votazione categorica preferenziale
2022-06-30 ]
2022-06-29T18:06:48.520604800 - Codice fiscale: MSLPTR00S07C623T -  [Richiesta prossimo id per gruppo]
2022-06-29T18:06:48.529726800 - Codice fiscale: MSLPTR00S07C623T -  [Richiesta Gruppo con id: 1]
2022-06-29T18:06:48.545308400 - Codice fiscale: MSLPTR00S07C623T -  [Aggiunta Gruppo: Unione Politica PD TRY1
]
2022-06-29T18:06:48.558892700 - Codice fiscale: MSLPTR00S07C623T - [Aggiunta Gruppo: Unione Politica PD TRY1
 a Votazione: Votazione per TRY1 CATEGORICO PREFERENZE 
Votazione categorica preferenziale
2022-06-30]
2022-06-29T18:06:48.620216500 - Codice fiscale: MSLPTR00S07C623T -  [Richiesta gruppi per votazione Votazione per TRY1 CATEGORICO PREFERENZE 
Votazione categorica preferenziale
2022-06-30 ]
2022-06-29T18:07:00.438879900 - Codice fiscale: MSLPTR00S07C623T -  [Richiesta prossimo id per gruppo]
2022-06-29T18:07:00.446641900 - Codice fiscale: MSLPTR00S07C623T -  [Richiesta Gruppo con id: 2]
2022-06-29T18:07:00.461475 - Codice fiscale: MSLPTR00S07C623T -  [Aggiunta Gruppo: Unione Politica PCI TRY1
]
2022-06-29T18:07:00.471065200 - Codice fiscale: MSLPTR00S07C623T - [Aggiunta Gruppo: Unione Politica PCI TRY1
 a Votazione: Votazione per TRY1 CATEGORICO PREFERENZE 
Votazione categorica preferenziale
2022-06-30]
2022-06-29T18:07:00.522159 - Codice fiscale: MSLPTR00S07C623T -  [Richiesta gruppi per votazione Votazione per TRY1 CATEGORICO PREFERENZE 
Votazione categorica preferenziale
2022-06-30 ]
2022-06-29T18:07:04.463056700 - Codice fiscale: MSLPTR00S07C623T -  [Richiesta prossimo id per gruppo]
2022-06-29T18:07:04.470074200 - Codice fiscale: MSLPTR00S07C623T -  [Richiesta Gruppo con id: 3]
2022-06-29T18:07:04.481129700 - Codice fiscale: MSLPTR00S07C623T -  [Aggiunta Gruppo: Unione Politica PSI TRY1
]
2022-06-29T18:07:04.494092600 - Codice fiscale: MSLPTR00S07C623T - [Aggiunta Gruppo: Unione Politica PSI TRY1
 a Votazione: Votazione per TRY1 CATEGORICO PREFERENZE 
Votazione categorica preferenziale
2022-06-30]
2022-06-29T18:07:04.536365900 - Codice fiscale: MSLPTR00S07C623T -  [Richiesta gruppi per votazione Votazione per TRY1 CATEGORICO PREFERENZE 
Votazione categorica preferenziale
2022-06-30 ]
2022-06-29T18:07:11.250998800 - Codice fiscale: MSLPTR00S07C623T -  [Richiesta prossimo id per gruppo]
2022-06-29T18:07:11.258970700 - Codice fiscale: MSLPTR00S07C623T -  [Richiesta Gruppo con id: 4]
2022-06-29T18:07:11.273382 - Codice fiscale: MSLPTR00S07C623T -  [Aggiunta Gruppo: Unione Politica Italia Viva TRY1
]
2022-06-29T18:07:11.282839100 - Codice fiscale: MSLPTR00S07C623T - [Aggiunta Gruppo: Unione Politica Italia Viva TRY1
 a Votazione: Votazione per TRY1 CATEGORICO PREFERENZE 
Votazione categorica preferenziale
2022-06-30]
2022-06-29T18:07:11.319003 - Codice fiscale: MSLPTR00S07C623T -  [Richiesta gruppi per votazione Votazione per TRY1 CATEGORICO PREFERENZE 
Votazione categorica preferenziale
2022-06-30 ]
2022-06-29T18:07:34.727989900 - Codice fiscale: MSLPTR00S07C623T -  [Richiesta prossimo id per persona]
2022-06-29T18:07:34.745138900 - Codice fiscale: MSLPTR00S07C623T -  [Richiesta Persona con id: 1]
2022-06-29T18:07:34.768232400 - Codice fiscale: MSLPTR00S07C623T -  [Richiesta Persona con id: 1]
2022-06-29T18:08:29.960261800 - Codice fiscale: MSLPTR00S07C623T -  [Richiesta prossimo id per persona]
2022-06-29T18:08:29.968930900 - Codice fiscale: MSLPTR00S07C623T -  [Richiesta Persona con id: 2]
2022-06-29T18:08:29.984689600 - Codice fiscale: MSLPTR00S07C623T -  [Richiesta Persona con id: 2]
2022-06-29T18:14:00.514664600 - Codice fiscale: MSLPTR00S07C623T - [Login effettuato]
2022-06-29T18:14:15.518188800 - Codice fiscale: MSLPTR00S07C623T -  [Richiesta prossimo id per Votazione]
2022-06-29T18:14:16.609851 - Codice fiscale: MSLPTR00S07C623T - [Richiesta Votazione con id: 2]
2022-06-29T18:14:16.649470300 - Codice fiscale: MSLPTR00S07C623T -  [Aggiunta Votazione: Votazione per TRY NON SO CHE NUMERO
Votazione categorica preferenziale
2022-06-30]
2022-06-29T18:14:16.674454500 - Codice fiscale: MSLPTR00S07C623T -  [Richiesta gruppi per votazione Votazione per TRY NON SO CHE NUMERO
Votazione categorica preferenziale
2022-06-30 ]
2022-06-29T18:14:23.297184900 - Codice fiscale: MSLPTR00S07C623T -  [Richiesta prossimo id per gruppo]
2022-06-29T18:14:23.306161900 - Codice fiscale: MSLPTR00S07C623T -  [Richiesta Gruppo con id: 5]
2022-06-29T18:14:23.317132800 - Codice fiscale: MSLPTR00S07C623T -  [Aggiunta Gruppo: Unione Politica PCI NON SO
]
2022-06-29T18:14:23.331092900 - Codice fiscale: MSLPTR00S07C623T - [Aggiunta Gruppo: Unione Politica PCI NON SO
 a Votazione: Votazione per TRY NON SO CHE NUMERO
Votazione categorica preferenziale
2022-06-30]
2022-06-29T18:14:23.380311800 - Codice fiscale: MSLPTR00S07C623T -  [Richiesta gruppi per votazione Votazione per TRY NON SO CHE NUMERO
Votazione categorica preferenziale
2022-06-30 ]
2022-06-29T18:14:33.305311400 - Codice fiscale: MSLPTR00S07C623T -  [Richiesta prossimo id per persona]
2022-06-29T18:14:33.324261800 - Codice fiscale: MSLPTR00S07C623T -  [Richiesta Persona con id: 3]
2022-06-29T18:16:33.998189200 - Codice fiscale: MSLPTR00S07C623T - [Login effettuato]
2022-06-29T18:16:46.133088900 - Codice fiscale: MSLPTR00S07C623T -  [Richiesta prossimo id per Votazione]
2022-06-29T18:16:46.828257700 - Codice fiscale: MSLPTR00S07C623T - [Richiesta Votazione con id: 1]
2022-06-29T18:16:46.878980800 - Codice fiscale: MSLPTR00S07C623T -  [Aggiunta Votazione: Votazione per DIOCANE LAST TIME
Votazione categorica preferenziale
2022-06-30]
2022-06-29T18:16:46.906531600 - Codice fiscale: MSLPTR00S07C623T -  [Richiesta gruppi per votazione Votazione per DIOCANE LAST TIME
Votazione categorica preferenziale
2022-06-30 ]
2022-06-29T18:16:55.700585800 - Codice fiscale: MSLPTR00S07C623T -  [Richiesta prossimo id per gruppo]
2022-06-29T18:16:55.709739200 - Codice fiscale: MSLPTR00S07C623T -  [Richiesta Gruppo con id: 1]
2022-06-29T18:16:55.725367900 - Codice fiscale: MSLPTR00S07C623T -  [Aggiunta Gruppo: Unione Politica DIOPORCO PARTITO
]
2022-06-29T18:16:55.738334400 - Codice fiscale: MSLPTR00S07C623T - [Aggiunta Gruppo: Unione Politica DIOPORCO PARTITO
 a Votazione: Votazione per DIOCANE LAST TIME
Votazione categorica preferenziale
2022-06-30]
2022-06-29T18:16:55.787460500 - Codice fiscale: MSLPTR00S07C623T -  [Richiesta gruppi per votazione Votazione per DIOCANE LAST TIME
Votazione categorica preferenziale
2022-06-30 ]
2022-06-29T18:17:05.086023900 - Codice fiscale: MSLPTR00S07C623T -  [Richiesta prossimo id per persona]
2022-06-29T18:17:05.098055700 - Codice fiscale: MSLPTR00S07C623T -  [Richiesta Persona con id: 1]
2022-06-29T18:18:27.661679800 - Codice fiscale: MSLPTR00S07C623T - [Login effettuato]
2022-06-29T18:18:39.866453600 - Codice fiscale: MSLPTR00S07C623T -  [Richiesta prossimo id per Votazione]
2022-06-29T18:18:41.253603700 - Codice fiscale: MSLPTR00S07C623T - [Richiesta Votazione con id: 1]
2022-06-29T18:18:41.293578800 - Codice fiscale: MSLPTR00S07C623T -  [Aggiunta Votazione: Votazione per DIOCANE
Votazione categorica preferenziale
2022-06-30]
2022-06-29T18:18:41.316086500 - Codice fiscale: MSLPTR00S07C623T -  [Richiesta gruppi per votazione Votazione per DIOCANE
Votazione categorica preferenziale
2022-06-30 ]
2022-06-29T18:18:51.125201300 - Codice fiscale: MSLPTR00S07C623T -  [Richiesta prossimo id per gruppo]
2022-06-29T18:18:51.134206700 - Codice fiscale: MSLPTR00S07C623T -  [Richiesta Gruppo con id: 1]
2022-06-29T18:18:51.146155100 - Codice fiscale: MSLPTR00S07C623T -  [Aggiunta Gruppo: Unione Politica PSI DIOCANE 
]
2022-06-29T18:18:51.161169 - Codice fiscale: MSLPTR00S07C623T - [Aggiunta Gruppo: Unione Politica PSI DIOCANE 
 a Votazione: Votazione per DIOCANE
Votazione categorica preferenziale
2022-06-30]
2022-06-29T18:18:51.223490100 - Codice fiscale: MSLPTR00S07C623T -  [Richiesta gruppi per votazione Votazione per DIOCANE
Votazione categorica preferenziale
2022-06-30 ]
2022-06-29T18:18:57.247826100 - Codice fiscale: MSLPTR00S07C623T -  [Richiesta prossimo id per gruppo]
2022-06-29T18:18:57.255845300 - Codice fiscale: MSLPTR00S07C623T -  [Richiesta Gruppo con id: 2]
2022-06-29T18:18:57.268825400 - Codice fiscale: MSLPTR00S07C623T -  [Aggiunta Gruppo: Unione Politica Pietro --> PSI DIOCANE 
]
2022-06-29T18:18:57.280286 - Codice fiscale: MSLPTR00S07C623T - [Aggiunta Gruppo: Unione Politica Pietro --> PSI DIOCANE 
 a Votazione: Votazione per DIOCANE
Votazione categorica preferenziale
2022-06-30]
2022-06-29T18:18:57.327295300 - Codice fiscale: MSLPTR00S07C623T -  [Richiesta gruppi per votazione Votazione per DIOCANE
Votazione categorica preferenziale
2022-06-30 ]
2022-06-29T18:19:14.791191300 - Codice fiscale: MSLPTR00S07C623T -  [Richiesta prossimo id per gruppo]
2022-06-29T18:19:14.799170100 - Codice fiscale: MSLPTR00S07C623T -  [Richiesta Gruppo con id: 3]
2022-06-29T18:19:14.812144500 - Codice fiscale: MSLPTR00S07C623T -  [Aggiunta Gruppo: Unione Politica PCI DIOCANE 
]
2022-06-29T18:19:14.822332200 - Codice fiscale: MSLPTR00S07C623T - [Aggiunta Gruppo: Unione Politica PCI DIOCANE 
 a Votazione: Votazione per DIOCANE
Votazione categorica preferenziale
2022-06-30]
2022-06-29T18:19:14.862406 - Codice fiscale: MSLPTR00S07C623T -  [Richiesta gruppi per votazione Votazione per DIOCANE
Votazione categorica preferenziale
2022-06-30 ]
2022-06-29T18:29:53.281062300 - Codice fiscale: MSLPTR00S07C623T - [Login effettuato]
2022-06-29T18:30:10.478114800 - Codice fiscale: MSLPTR00S07C623T -  [Richiesta prossimo id per Votazione]
2022-06-29T18:30:11.277915500 - Codice fiscale: MSLPTR00S07C623T - [Richiesta Votazione con id: 1]
2022-06-29T18:30:11.378750100 - Codice fiscale: MSLPTR00S07C623T -  [Richiesta gruppi per votazione Votazione per Sia l'ultima volta...
Votazione categorica preferenziale
2022-06-30 ]
2022-06-29T18:30:15.794404200 - Codice fiscale: MSLPTR00S07C623T -  [Richiesta prossimo id per gruppo]
2022-06-29T18:30:15.802120 - Codice fiscale: MSLPTR00S07C623T -  [Richiesta Gruppo con id: 1]
2022-06-29T18:30:15.816690300 - Codice fiscale: MSLPTR00S07C623T -  [Aggiunta Gruppo: Unione Politica PDL
]
2022-06-29T18:30:15.833478600 - Codice fiscale: MSLPTR00S07C623T - [Aggiunta Gruppo: Unione Politica PDL
 a Votazione: Votazione per Sia l'ultima volta...
Votazione categorica preferenziale
2022-06-30]
2022-06-29T18:30:15.885280900 - Codice fiscale: MSLPTR00S07C623T -  [Richiesta gruppi per votazione Votazione per Sia l'ultima volta...
Votazione categorica preferenziale
2022-06-30 ]
2022-06-29T18:33:13.489269 - Codice fiscale: MSLPTR00S07C623T - [Login effettuato]
2022-06-29T18:33:28.869296400 - Codice fiscale: MSLPTR00S07C623T -  [Richiesta prossimo id per Votazione]
2022-06-29T18:33:29.685084600 - Codice fiscale: MSLPTR00S07C623T - [Richiesta Votazione con id: 1]
2022-06-29T18:33:29.747366800 - Codice fiscale: MSLPTR00S07C623T -  [Richiesta gruppi per votazione Votazione per Sia l' ultima volta eh diocane ' ' ' 
Votazione categorica preferenziale
2022-06-30 ]
2022-06-29T18:34:20.825879300 - Codice fiscale: MSLPTR00S07C623T - [Login effettuato]
2022-06-29T18:34:35.868161600 - Codice fiscale: MSLPTR00S07C623T -  [Richiesta prossimo id per Votazione]
2022-06-29T18:34:38.439036 - Codice fiscale: MSLPTR00S07C623T -  [Richiesta prossimo id per Votazione]
2022-06-29T18:34:39.293187200 - Codice fiscale: MSLPTR00S07C623T - [Richiesta Votazione con id: 1]
2022-06-29T18:34:39.368118500 - Codice fiscale: MSLPTR00S07C623T -  [Richiesta gruppi per votazione Votazione per deh pefforza ' ' ' 
Votazione categorica preferenziale
2022-06-30 ]
