2022-07-04T11:57:37.772470600 - Nome: Pietro -/- Cognome: Masolini -/- Data di nascita: 2000-11-07
Codice fiscale: MSLPTR00S07C623T - [Richiesta Votazioni categoriche]
2022-07-04T11:57:37.787349800 - Nome: Pietro -/- Cognome: Masolini -/- Data di nascita: 2000-11-07
Codice fiscale: MSLPTR00S07C623T - [Richiesta Votazioni Ordinali]
2022-07-04T11:57:37.987010700 - Nome: Pietro -/- Cognome: Masolini -/- Data di nascita: 2000-11-07
Codice fiscale: MSLPTR00S07C623T - [Login effettuato]
2022-07-10T09:26:48.505303200 - Nome: Pietro -/- Cognome: Masolini -/- Data di nascita: 2000-11-07
Codice fiscale: MSLPTR00S07C623T - [Richiesta Votazioni categoriche]
2022-07-10T09:26:48.523105900 - Nome: Pietro -/- Cognome: Masolini -/- Data di nascita: 2000-11-07
Codice fiscale: MSLPTR00S07C623T - [Richiesta Votazioni Ordinali]
2022-07-10T09:26:48.608042600 - Nome: Pietro -/- Cognome: Masolini -/- Data di nascita: 2000-11-07
Codice fiscale: MSLPTR00S07C623T -  [Ha giá votato per: Votazione per Amministrative Chiavenna
Votazione categorica non preferenziale -/- 2022-07-14]
2022-07-10T09:26:48.855580400 - Nome: Pietro -/- Cognome: Masolini -/- Data di nascita: 2000-11-07
Codice fiscale: MSLPTR00S07C623T - [Login effettuato]
2022-07-10T09:26:52.481387200 - Nome: Pietro -/- Cognome: Masolini -/- Data di nascita: 2000-11-07
Codice fiscale: MSLPTR00S07C623T -  [Richiesta gruppi per votazione Votazione per Amministrative Chiavenna
Votazione categorica non preferenziale -/- 2022-07-14 ]
2022-07-10T09:27:25.653524900 - Nome: Pietro -/- Cognome: Masolini -/- Data di nascita: 2000-11-07
Codice fiscale: MSLPTR00S07C623T - [Richiesta Votazioni categoriche]
2022-07-10T09:27:25.667434600 - Nome: Pietro -/- Cognome: Masolini -/- Data di nascita: 2000-11-07
Codice fiscale: MSLPTR00S07C623T - [Richiesta Votazioni Ordinali]
2022-07-10T09:27:25.691280400 - Nome: Pietro -/- Cognome: Masolini -/- Data di nascita: 2000-11-07
Codice fiscale: MSLPTR00S07C623T -  [Ha giá votato per: Votazione per Amministrative Chiavenna
Votazione categorica non preferenziale -/- 2022-07-14]
